已經開始建置於 2015/1/15 下午 04:50:24。
     1>節點 2 (build 目標) 上的專案 "C:\Users\user\Desktop\學校\計概\專案\加分題A1035531\加分題A1035531\加分題A1035531.vcxproj"。
     1>InitializeBuildStatus:
         由於指定了 "AlwaysCreate"，因此正在建立 "Debug\加分題A1035531.unsuccessfulbuild"。
       ClCompile:
         d:\express\VC\bin\CL.exe /c /ZI /nologo /W3 /WX- /Od /Oy- /D WIN32 /D _DEBUG /D _CONSOLE /D _UNICODE /D UNICODE /Gm /EHsc /RTC1 /MDd /GS /fp:precise /Zc:wchar_t /Zc:forScope /Fo"Debug\\" /Fd"Debug\vc100.pdb" /Gd /TP /analyze- /errorReport:prompt "加分.cpp"
         加分.cpp
     1>c:\users\user\desktop\學校\計概\專案\加分題a1035531\加分題a1035531\加分.cpp(14): warning C4996: 'scanf': This function or variable may be unsafe. Consider using scanf_s instead. To disable deprecation, use _CRT_SECURE_NO_WARNINGS. See online help for details.
                 d:\express\vc\include\stdio.h(304) : 請參閱 'scanf' 的宣告
     1>c:\users\user\desktop\學校\計概\專案\加分題a1035531\加分題a1035531\加分.cpp(17): warning C4996: 'scanf': This function or variable may be unsafe. Consider using scanf_s instead. To disable deprecation, use _CRT_SECURE_NO_WARNINGS. See online help for details.
                 d:\express\vc\include\stdio.h(304) : 請參閱 'scanf' 的宣告
     1>c:\users\user\desktop\學校\計概\專案\加分題a1035531\加分題a1035531\加分.cpp(19): warning C4996: 'scanf': This function or variable may be unsafe. Consider using scanf_s instead. To disable deprecation, use _CRT_SECURE_NO_WARNINGS. See online help for details.
                 d:\express\vc\include\stdio.h(304) : 請參閱 'scanf' 的宣告
     1>c:\users\user\desktop\學校\計概\專案\加分題a1035531\加分題a1035531\加分.cpp(29): warning C4244: '=' : 將 'double' 轉換為 'int'，由於型別不同，可能導致資料遺失
     1>c:\users\user\desktop\學校\計概\專案\加分題a1035531\加分題a1035531\加分.cpp(7): warning C4101: 'j' : 未參考的區域變數
       ManifestResourceCompile:
         所有輸出都是最新的。
       Link:
         d:\express\VC\bin\link.exe /ERRORREPORT:PROMPT /OUT:"C:\Users\user\Desktop\學校\計概\專案\加分題A1035531\Debug\加分題A1035531.exe" /INCREMENTAL /NOLOGO kernel32.lib user32.lib gdi32.lib winspool.lib comdlg32.lib advapi32.lib shell32.lib ole32.lib oleaut32.lib uuid.lib odbc32.lib odbccp32.lib /MANIFEST /ManifestFile:"Debug\加分題A1035531.exe.intermediate.manifest" /MANIFESTUAC:"level='asInvoker' uiAccess='false'" /DEBUG /PDB:"C:\Users\user\Desktop\學校\計概\專案\加分題A1035531\Debug\加分題A1035531.pdb" /SUBSYSTEM:CONSOLE /TLBID:1 /DYNAMICBASE /NXCOMPAT /IMPLIB:"C:\Users\user\Desktop\學校\計概\專案\加分題A1035531\Debug\加分題A1035531.lib" /MACHINE:X86 "Debug\加分題A1035531.exe.embed.manifest.res"
         "Debug\加分.obj"
       Manifest:
         C:\Program Files (x86)\Microsoft SDKs\Windows\v7.0A\bin\mt.exe /nologo /verbose /out:"Debug\加分題A1035531.exe.embed.manifest" /manifest "Debug\加分題A1035531.exe.intermediate.manifest"
         所有輸出都是最新的。
       LinkEmbedManifest:
         所有輸出都是最新的。
         加分題A1035531.vcxproj -> C:\Users\user\Desktop\學校\計概\專案\加分題A1035531\Debug\加分題A1035531.exe
       FinalizeBuildStatus:
         正在刪除檔案 "Debug\加分題A1035531.unsuccessfulbuild"。
         正在變更時間戳記 "Debug\加分題A1035531.lastbuildstate"。
     1>專案 "C:\Users\user\Desktop\學校\計概\專案\加分題A1035531\加分題A1035531\加分題A1035531.vcxproj" (build 目標) 建置完成。

建置成功。

經過時間 00:00:00.90
